CRITICAL - 2023-01-12 18:34:07 --> Call to undefined method CodeIgniter\View\View::extends()
in APPPATH\Views\Intro.php on line 1.
 1 SYSTEMPATH\View\View.php(213): include()
 2 SYSTEMPATH\View\View.php(216): CodeIgniter\View\View->CodeIgniter\View\{closure}()
 3 SYSTEMPATH\Common.php(1177): CodeIgniter\View\View->render('Intro', [], true)
 4 APPPATH\Controllers\Home.php(9): view('Intro')
 5 SYSTEMPATH\CodeIgniter.php(934): App\Controllers\Home->index()
 6 SYSTEMPATH\CodeIgniter.php(499): CodeIgniter\CodeIgniter->runController(Object(App\Controllers\Home))
 7 SYSTEMPATH\CodeIgniter.php(368): CodeIgniter\CodeIgniter->handleRequest(null, Object(Config\Cache), false)
 8 FCPATH\index.php(67): CodeIgniter\CodeIgniter->run()
CRITICAL - 2023-01-12 21:52:26 --> Class 'App\Models\Model' not found
in APPPATH\Models\AutoresModel.php on line 3.
 1 SYSTEMPATH\Autoloader\Autoloader.php(312): include_once()
 2 SYSTEMPATH\Autoloader\Autoloader.php(289): CodeIgniter\Autoloader\Autoloader->includeFile('APPPATH\\Models\\AutoresModel.php')
 3 SYSTEMPATH\Autoloader\Autoloader.php(267): CodeIgniter\Autoloader\Autoloader->loadInNamespace('App\\Models\\AutoresModel')
 4 [internal function]: CodeIgniter\Autoloader\Autoloader->loadClass('App\\Models\\AutoresModel')
 5 APPPATH\Controllers\Home.php(14): spl_autoload_call('App\\Models\\AutoresModel')
 6 SYSTEMPATH\CodeIgniter.php(934): App\Controllers\Home->autores()
 7 SYSTEMPATH\CodeIgniter.php(499): CodeIgniter\CodeIgniter->runController(Object(App\Controllers\Home))
 8 SYSTEMPATH\CodeIgniter.php(368): CodeIgniter\CodeIgniter->handleRequest(null, Object(Config\Cache), false)
 9 FCPATH\index.php(67): CodeIgniter\CodeIgniter->run()
CRITICAL - 2023-01-12 21:53:17 --> Class 'App\Models\Model' not found
in APPPATH\Models\AutoresModel.php on line 3.
 1 SYSTEMPATH\Autoloader\Autoloader.php(312): include_once()
 2 SYSTEMPATH\Autoloader\Autoloader.php(289): CodeIgniter\Autoloader\Autoloader->includeFile('APPPATH\\Models\\AutoresModel.php')
 3 SYSTEMPATH\Autoloader\Autoloader.php(267): CodeIgniter\Autoloader\Autoloader->loadInNamespace('App\\Models\\AutoresModel')
 4 [internal function]: CodeIgniter\Autoloader\Autoloader->loadClass('App\\Models\\AutoresModel')
 5 APPPATH\Controllers\Home.php(14): spl_autoload_call('App\\Models\\AutoresModel')
 6 SYSTEMPATH\CodeIgniter.php(934): App\Controllers\Home->autores()
 7 SYSTEMPATH\CodeIgniter.php(499): CodeIgniter\CodeIgniter->runController(Object(App\Controllers\Home))
 8 SYSTEMPATH\CodeIgniter.php(368): CodeIgniter\CodeIgniter->handleRequest(null, Object(Config\Cache), false)
 9 FCPATH\index.php(67): CodeIgniter\CodeIgniter->run()
CRITICAL - 2023-01-12 21:54:51 --> Class 'App\Models\Model' not found
in APPPATH\Models\AutoresModel.php on line 3.
 1 SYSTEMPATH\Autoloader\Autoloader.php(312): include_once()
 2 SYSTEMPATH\Autoloader\Autoloader.php(289): CodeIgniter\Autoloader\Autoloader->includeFile('APPPATH\\Models\\AutoresModel.php')
 3 SYSTEMPATH\Autoloader\Autoloader.php(267): CodeIgniter\Autoloader\Autoloader->loadInNamespace('App\\Models\\AutoresModel')
 4 [internal function]: CodeIgniter\Autoloader\Autoloader->loadClass('App\\Models\\AutoresModel')
 5 APPPATH\Controllers\Home.php(14): spl_autoload_call('App\\Models\\AutoresModel')
 6 SYSTEMPATH\CodeIgniter.php(934): App\Controllers\Home->autores()
 7 SYSTEMPATH\CodeIgniter.php(499): CodeIgniter\CodeIgniter->runController(Object(App\Controllers\Home))
 8 SYSTEMPATH\CodeIgniter.php(368): CodeIgniter\CodeIgniter->handleRequest(null, Object(Config\Cache), false)
 9 FCPATH\index.php(67): CodeIgniter\CodeIgniter->run()
CRITICAL - 2023-01-12 21:54:57 --> Class 'App\Models\Model' not found
in APPPATH\Models\AutoresModel.php on line 3.
 1 SYSTEMPATH\Autoloader\Autoloader.php(312): include_once()
 2 SYSTEMPATH\Autoloader\Autoloader.php(289): CodeIgniter\Autoloader\Autoloader->includeFile('APPPATH\\Models\\AutoresModel.php')
 3 SYSTEMPATH\Autoloader\Autoloader.php(267): CodeIgniter\Autoloader\Autoloader->loadInNamespace('App\\Models\\AutoresModel')
 4 [internal function]: CodeIgniter\Autoloader\Autoloader->loadClass('App\\Models\\AutoresModel')
 5 APPPATH\Controllers\Home.php(14): spl_autoload_call('App\\Models\\AutoresModel')
 6 SYSTEMPATH\CodeIgniter.php(934): App\Controllers\Home->autores()
 7 SYSTEMPATH\CodeIgniter.php(499): CodeIgniter\CodeIgniter->runController(Object(App\Controllers\Home))
 8 SYSTEMPATH\CodeIgniter.php(368): CodeIgniter\CodeIgniter->handleRequest(null, Object(Config\Cache), false)
 9 FCPATH\index.php(67): CodeIgniter\CodeIgniter->run()
CRITICAL - 2023-01-12 22:03:59 --> Invalid argument supplied for foreach()
in APPPATH\Views\autores\autores.php on line 11.
 1 APPPATH\Views\autores\autores.php(11): CodeIgniter\Debug\Exceptions->errorHandler(2, 'Invalid argument supplied for foreach()', 'APPPATH\\Views\\autores\\autores.php', 11, [])
 2 SYSTEMPATH\View\View.php(213): include('APPPATH\\Views\\autores\\autores.php')
 3 SYSTEMPATH\View\View.php(216): CodeIgniter\View\View->CodeIgniter\View\{closure}()
 4 SYSTEMPATH\Common.php(1177): CodeIgniter\View\View->render('autores/autores', [], true)
 5 APPPATH\Controllers\Home.php(16): view('autores/autores', [...])
 6 SYSTEMPATH\CodeIgniter.php(934): App\Controllers\Home->autores()
 7 SYSTEMPATH\CodeIgniter.php(499): CodeIgniter\CodeIgniter->runController(Object(App\Controllers\Home))
 8 SYSTEMPATH\CodeIgniter.php(368): CodeIgniter\CodeIgniter->handleRequest(null, Object(Config\Cache), false)
 9 FCPATH\index.php(67): CodeIgniter\CodeIgniter->run()
CRITICAL - 2023-01-12 22:13:18 --> Invalid argument supplied for foreach()
in APPPATH\Views\autores\autores.php on line 10.
 1 APPPATH\Views\autores\autores.php(10): CodeIgniter\Debug\Exceptions->errorHandler(2, 'Invalid argument supplied for foreach()', 'APPPATH\\Views\\autores\\autores.php', 10, [])
 2 SYSTEMPATH\View\View.php(213): include('APPPATH\\Views\\autores\\autores.php')
 3 SYSTEMPATH\View\View.php(216): CodeIgniter\View\View->CodeIgniter\View\{closure}()
 4 SYSTEMPATH\Common.php(1177): CodeIgniter\View\View->render('autores/autores', [], true)
 5 APPPATH\Controllers\Home.php(17): view('autores/autores', [...])
 6 SYSTEMPATH\CodeIgniter.php(934): App\Controllers\Home->autores()
 7 SYSTEMPATH\CodeIgniter.php(499): CodeIgniter\CodeIgniter->runController(Object(App\Controllers\Home))
 8 SYSTEMPATH\CodeIgniter.php(368): CodeIgniter\CodeIgniter->handleRequest(null, Object(Config\Cache), false)
 9 FCPATH\index.php(67): CodeIgniter\CodeIgniter->run()
CRITICAL - 2023-01-12 23:16:03 --> Invalid file: "autores/modificar_autores/1.php"
in SYSTEMPATH\Exceptions\FrameworkException.php on line 33.
 1 SYSTEMPATH\View\View.php(201): CodeIgniter\Exceptions\FrameworkException::forInvalidFile('autores/modificar_autores/1.php')
 2 SYSTEMPATH\Common.php(1177): CodeIgniter\View\View->render('autores/modificar_autores/1', [], true)
 3 APPPATH\Controllers\Home.php(22): view('autores/modificar_autores/1', [...])
 4 SYSTEMPATH\CodeIgniter.php(934): App\Controllers\Home->modificarAutor('1')
 5 SYSTEMPATH\CodeIgniter.php(499): CodeIgniter\CodeIgniter->runController(Object(App\Controllers\Home))
 6 SYSTEMPATH\CodeIgniter.php(368): CodeIgniter\CodeIgniter->handleRequest(null, Object(Config\Cache), false)
 7 FCPATH\index.php(67): CodeIgniter\CodeIgniter->run()
CRITICAL - 2023-01-12 23:17:15 --> Invalid file: "autores/modificar_autores/1.php"
in SYSTEMPATH\Exceptions\FrameworkException.php on line 33.
 1 SYSTEMPATH\View\View.php(201): CodeIgniter\Exceptions\FrameworkException::forInvalidFile('autores/modificar_autores/1.php')
 2 SYSTEMPATH\Common.php(1177): CodeIgniter\View\View->render('autores/modificar_autores/1', [], true)
 3 APPPATH\Controllers\Home.php(22): view('autores/modificar_autores/1', [...])
 4 SYSTEMPATH\CodeIgniter.php(934): App\Controllers\Home->modificarAutor('1')
 5 SYSTEMPATH\CodeIgniter.php(499): CodeIgniter\CodeIgniter->runController(Object(App\Controllers\Home))
 6 SYSTEMPATH\CodeIgniter.php(368): CodeIgniter\CodeIgniter->handleRequest(null, Object(Config\Cache), false)
 7 FCPATH\index.php(67): CodeIgniter\CodeIgniter->run()
CRITICAL - 2023-01-12 23:18:11 --> Invalid file: "autores/modificar_autores/1.php"
in SYSTEMPATH\Exceptions\FrameworkException.php on line 33.
 1 SYSTEMPATH\View\View.php(201): CodeIgniter\Exceptions\FrameworkException::forInvalidFile('autores/modificar_autores/1.php')
 2 SYSTEMPATH\Common.php(1177): CodeIgniter\View\View->render('autores/modificar_autores/1', [], true)
 3 APPPATH\Controllers\Home.php(22): view('autores/modificar_autores/1', [...])
 4 SYSTEMPATH\CodeIgniter.php(934): App\Controllers\Home->modificarAutor('1')
 5 SYSTEMPATH\CodeIgniter.php(499): CodeIgniter\CodeIgniter->runController(Object(App\Controllers\Home))
 6 SYSTEMPATH\CodeIgniter.php(368): CodeIgniter\CodeIgniter->handleRequest(null, Object(Config\Cache), false)
 7 FCPATH\index.php(67): CodeIgniter\CodeIgniter->run()
CRITICAL - 2023-01-12 23:18:12 --> Invalid file: "autores/modificar_autores/1.php"
in SYSTEMPATH\Exceptions\FrameworkException.php on line 33.
 1 SYSTEMPATH\View\View.php(201): CodeIgniter\Exceptions\FrameworkException::forInvalidFile('autores/modificar_autores/1.php')
 2 SYSTEMPATH\Common.php(1177): CodeIgniter\View\View->render('autores/modificar_autores/1', [], true)
 3 APPPATH\Controllers\Home.php(22): view('autores/modificar_autores/1', [...])
 4 SYSTEMPATH\CodeIgniter.php(934): App\Controllers\Home->modificarAutor('1')
 5 SYSTEMPATH\CodeIgniter.php(499): CodeIgniter\CodeIgniter->runController(Object(App\Controllers\Home))
 6 SYSTEMPATH\CodeIgniter.php(368): CodeIgniter\CodeIgniter->handleRequest(null, Object(Config\Cache), false)
 7 FCPATH\index.php(67): CodeIgniter\CodeIgniter->run()
CRITICAL - 2023-01-12 23:18:12 --> Invalid file: "autores/modificar_autores/1.php"
in SYSTEMPATH\Exceptions\FrameworkException.php on line 33.
 1 SYSTEMPATH\View\View.php(201): CodeIgniter\Exceptions\FrameworkException::forInvalidFile('autores/modificar_autores/1.php')
 2 SYSTEMPATH\Common.php(1177): CodeIgniter\View\View->render('autores/modificar_autores/1', [], true)
 3 APPPATH\Controllers\Home.php(22): view('autores/modificar_autores/1', [...])
 4 SYSTEMPATH\CodeIgniter.php(934): App\Controllers\Home->modificarAutor('1')
 5 SYSTEMPATH\CodeIgniter.php(499): CodeIgniter\CodeIgniter->runController(Object(App\Controllers\Home))
 6 SYSTEMPATH\CodeIgniter.php(368): CodeIgniter\CodeIgniter->handleRequest(null, Object(Config\Cache), false)
 7 FCPATH\index.php(67): CodeIgniter\CodeIgniter->run()
CRITICAL - 2023-01-12 23:19:02 --> Invalid file: "autores/modificar_autores/1.php"
in SYSTEMPATH\Exceptions\FrameworkException.php on line 33.
 1 SYSTEMPATH\View\View.php(201): CodeIgniter\Exceptions\FrameworkException::forInvalidFile('autores/modificar_autores/1.php')
 2 SYSTEMPATH\Common.php(1177): CodeIgniter\View\View->render('autores/modificar_autores/1', [], true)
 3 APPPATH\Controllers\Home.php(22): view('autores/modificar_autores/1', [...])
 4 SYSTEMPATH\CodeIgniter.php(934): App\Controllers\Home->modificarAutor('1')
 5 SYSTEMPATH\CodeIgniter.php(499): CodeIgniter\CodeIgniter->runController(Object(App\Controllers\Home))
 6 SYSTEMPATH\CodeIgniter.php(368): CodeIgniter\CodeIgniter->handleRequest(null, Object(Config\Cache), false)
 7 FCPATH\index.php(67): CodeIgniter\CodeIgniter->run()
CRITICAL - 2023-01-12 23:20:26 --> Invalid file: "autores/modificar_autores/2.php"
in SYSTEMPATH\Exceptions\FrameworkException.php on line 33.
 1 SYSTEMPATH\View\View.php(201): CodeIgniter\Exceptions\FrameworkException::forInvalidFile('autores/modificar_autores/2.php')
 2 SYSTEMPATH\Common.php(1177): CodeIgniter\View\View->render('autores/modificar_autores/2', [], true)
 3 APPPATH\Controllers\Home.php(22): view('autores/modificar_autores/2', [...])
 4 SYSTEMPATH\CodeIgniter.php(934): App\Controllers\Home->modificarAutor('2')
 5 SYSTEMPATH\CodeIgniter.php(499): CodeIgniter\CodeIgniter->runController(Object(App\Controllers\Home))
 6 SYSTEMPATH\CodeIgniter.php(368): CodeIgniter\CodeIgniter->handleRequest(null, Object(Config\Cache), false)
 7 FCPATH\index.php(67): CodeIgniter\CodeIgniter->run()
CRITICAL - 2023-01-12 23:21:10 --> Invalid file: "autores/modificar_autores/2.php"
in SYSTEMPATH\Exceptions\FrameworkException.php on line 33.
 1 SYSTEMPATH\View\View.php(201): CodeIgniter\Exceptions\FrameworkException::forInvalidFile('autores/modificar_autores/2.php')
 2 SYSTEMPATH\Common.php(1177): CodeIgniter\View\View->render('autores/modificar_autores/2', [], true)
 3 APPPATH\Controllers\Home.php(22): view('autores/modificar_autores/2', [...])
 4 SYSTEMPATH\CodeIgniter.php(934): App\Controllers\Home->modificarAutor('2')
 5 SYSTEMPATH\CodeIgniter.php(499): CodeIgniter\CodeIgniter->runController(Object(App\Controllers\Home))
 6 SYSTEMPATH\CodeIgniter.php(368): CodeIgniter\CodeIgniter->handleRequest(null, Object(Config\Cache), false)
 7 FCPATH\index.php(67): CodeIgniter\CodeIgniter->run()
CRITICAL - 2023-01-12 23:21:58 --> Invalid file: "autores/modificar_autores/2.php"
in SYSTEMPATH\Exceptions\FrameworkException.php on line 33.
 1 SYSTEMPATH\View\View.php(201): CodeIgniter\Exceptions\FrameworkException::forInvalidFile('autores/modificar_autores/2.php')
 2 SYSTEMPATH\Common.php(1177): CodeIgniter\View\View->render('autores/modificar_autores/2', [], true)
 3 APPPATH\Controllers\Home.php(22): view('autores/modificar_autores/2', [...])
 4 SYSTEMPATH\CodeIgniter.php(934): App\Controllers\Home->modificarAutor('2')
 5 SYSTEMPATH\CodeIgniter.php(499): CodeIgniter\CodeIgniter->runController(Object(App\Controllers\Home))
 6 SYSTEMPATH\CodeIgniter.php(368): CodeIgniter\CodeIgniter->handleRequest(null, Object(Config\Cache), false)
 7 FCPATH\index.php(67): CodeIgniter\CodeIgniter->run()
CRITICAL - 2023-01-12 23:22:01 --> Invalid file: "autores/modificar_autores/1.php"
in SYSTEMPATH\Exceptions\FrameworkException.php on line 33.
 1 SYSTEMPATH\View\View.php(201): CodeIgniter\Exceptions\FrameworkException::forInvalidFile('autores/modificar_autores/1.php')
 2 SYSTEMPATH\Common.php(1177): CodeIgniter\View\View->render('autores/modificar_autores/1', [], true)
 3 APPPATH\Controllers\Home.php(22): view('autores/modificar_autores/1', [...])
 4 SYSTEMPATH\CodeIgniter.php(934): App\Controllers\Home->modificarAutor('1')
 5 SYSTEMPATH\CodeIgniter.php(499): CodeIgniter\CodeIgniter->runController(Object(App\Controllers\Home))
 6 SYSTEMPATH\CodeIgniter.php(368): CodeIgniter\CodeIgniter->handleRequest(null, Object(Config\Cache), false)
 7 FCPATH\index.php(67): CodeIgniter\CodeIgniter->run()
CRITICAL - 2023-01-12 23:23:21 --> Invalid file: "autores/modificar_autores/.php"
in SYSTEMPATH\Exceptions\FrameworkException.php on line 33.
 1 SYSTEMPATH\View\View.php(201): CodeIgniter\Exceptions\FrameworkException::forInvalidFile('autores/modificar_autores/.php')
 2 SYSTEMPATH\Common.php(1177): CodeIgniter\View\View->render('autores/modificar_autores/', [], true)
 3 APPPATH\Controllers\Home.php(22): view('autores/modificar_autores/', [...])
 4 SYSTEMPATH\CodeIgniter.php(934): App\Controllers\Home->modificarAutor('2')
 5 SYSTEMPATH\CodeIgniter.php(499): CodeIgniter\CodeIgniter->runController(Object(App\Controllers\Home))
 6 SYSTEMPATH\CodeIgniter.php(368): CodeIgniter\CodeIgniter->handleRequest(null, Object(Config\Cache), false)
 7 FCPATH\index.php(67): CodeIgniter\CodeIgniter->run()
CRITICAL - 2023-01-12 23:24:45 --> Invalid file: "autores/modificar_autores/.php"
in SYSTEMPATH\Exceptions\FrameworkException.php on line 33.
 1 SYSTEMPATH\View\View.php(201): CodeIgniter\Exceptions\FrameworkException::forInvalidFile('autores/modificar_autores/.php')
 2 SYSTEMPATH\Common.php(1177): CodeIgniter\View\View->render('autores/modificar_autores/', [], true)
 3 APPPATH\Controllers\Home.php(22): view('autores/modificar_autores/')
 4 SYSTEMPATH\CodeIgniter.php(934): App\Controllers\Home->modificarAutor('1')
 5 SYSTEMPATH\CodeIgniter.php(499): CodeIgniter\CodeIgniter->runController(Object(App\Controllers\Home))
 6 SYSTEMPATH\CodeIgniter.php(368): CodeIgniter\CodeIgniter->handleRequest(null, Object(Config\Cache), false)
 7 FCPATH\index.php(67): CodeIgniter\CodeIgniter->run()
